<?xml version="1.0" encoding="UTF-8"?>
<!-- Generated by org.testng.reporters.JUnitReportReporter -->
<testsuite hostname="DESKTOP-CAAVCUL" failures="0" tests="1" name="projectlist.projectdetail" time="0.011" errors="0" timestamp="2023-09-27T14:40:24 PDT" skipped="0">
  <testcase classname="projectlist.projectdetail" name="projectsummary" time="0.011">
    <system-out>
      <![CDATA[i created project]]>
    </system-out>
  </testcase> <!-- projectsummary -->
  <system-out>
    <![CDATA[i created project]]>
  </system-out>
</testsuite> <!-- projectlist.projectdetail -->
